{"/Users/jiho/IdeaProjects/smoothy_react/jest-test/index.js": {"path":"/Users/jiho/IdeaProjects/smoothy_react/jest-test/index.js","statementMap":{"0":{"start":{"line":1,"column":12},"end":{"line":3,"column":1}},"1":{"start":{"line":2,"column":4},"end":{"line":2,"column":17}},"2":{"start":{"line":5,"column":15},"end":{"line":9,"column":1}},"3":{"start":{"line":6,"column":1},"end":{"line":8,"column":3}},"4":{"start":{"line":11,"column":15},"end":{"line":13,"column":1}},"5":{"start":{"line":12,"column":1},"end":{"line":12,"column":11}},"6":{"start":{"line":15,"column":14},"end":{"line":21,"column":1}},"7":{"start":{"line":16,"column":14},"end":{"line":16,"column":16}},"8":{"start":{"line":17,"column":1},"end":{"line":19,"column":2}},"9":{"start":{"line":17,"column":13},"end":{"line":17,"column":18}},"10":{"start":{"line":18,"column":2},"end":{"line":18,"column":17}},"11":{"start":{"line":20,"column":1},"end":{"line":20,"column":15}},"12":{"start":{"line":23,"column":0},"end":{"line":28,"column":2}}},"fnMap":{"0":{"name":"(anonymous_0)","decl":{"start":{"line":1,"column":12},"end":{"line":1,"column":13}},"loc":{"start":{"line":1,"column":22},"end":{"line":3,"column":1}},"line":1},"1":{"name":"(anonymous_1)","decl":{"start":{"line":5,"column":15},"end":{"line":5,"column":16}},"loc":{"start":{"line":5,"column":30},"end":{"line":9,"column":1}},"line":5},"2":{"name":"(anonymous_2)","decl":{"start":{"line":11,"column":15},"end":{"line":11,"column":16}},"loc":{"start":{"line":11,"column":22},"end":{"line":13,"column":1}},"line":11},"3":{"name":"(anonymous_3)","decl":{"start":{"line":15,"column":14},"end":{"line":15,"column":15}},"loc":{"start":{"line":15,"column":30},"end":{"line":21,"column":1}},"line":15}},"branchMap":{},"s":{"0":1,"1":1,"2":1,"3":1,"4":1,"5":2,"6":1,"7":1,"8":1,"9":1,"10":10,"11":1,"12":1},"f":{"0":1,"1":1,"2":2,"3":1},"b":{},"_coverageSchema":"1a1c01bbd47fc00a2c39e90264f33305004495a9","hash":"5cb3fa40322a3538b12d248be16eeb80dee68f24"}
}
